生成启动时间为 2022/4/10 21:12:06。
     1>项目“C:\Users\Apple\Desktop\新建文件夹 (3)\新建文件夹 (2)\CSerialPort\examples\CommMFC\CommMFC.vcxproj”在节点 2 上(build 个目标)。
     1>InitializeBuildStatus:
         正在创建“Debug\CommMFC.unsuccessfulbuild”，因为已指定“AlwaysCreate”。
       ClCompile:
         所有输出均为最新。
         所有输出均为最新。
         所有输出均为最新。
       ResourceCompile:
         c:\Program Files (x86)\Microsoft SDKs\Windows\v7.0A\bin\rc.exe /D _DEBUG /D _UNICODE /D UNICODE /l"0x0804" /IDebug\ /nologo /fo"Debug\CommMFC.res" CommMFC.rc 
       ManifestResourceCompile:
         所有输出均为最新。
       Link:
         c:\Program Files (x86)\Microsoft Visual Studio 10.0\VC\bin\link.exe /ERRORREPORT:PROMPT /OUT:"C:\Users\Apple\Desktop\新建文件夹 (3)\新建文件夹 (2)\CSerialPort\examples\CommMFC\Debug\CommMFC.exe" /INCREMENTAL /NOLOGO setupapi.lib /MANIFEST /ManifestFile:"Debug\CommMFC.exe.intermediate.manifest" /MANIFESTUAC:"level='asInvoker' uiAccess='false'" /DEBUG /PDB:"C:\Users\Apple\Desktop\新建文件夹 (3)\新建文件夹 (2)\CSerialPort\examples\CommMFC\Debug\CommMFC.pdb" /SUBSYSTEM:WINDOWS /TLBID:1 /ENTRY:"wWinMainCRTStartup" /DYNAMICBASE /NXCOMPAT /IMPLIB:"C:\Users\Apple\Desktop\新建文件夹 (3)\新建文件夹 (2)\CSerialPort\examples\CommMFC\Debug\CommMFC.lib" /MACHINE:X86 Debug\CommMFC.res
         Debug\CommMFC.exe.embed.manifest.res
         Debug\CommMFC.obj
         Debug\CommMFCDlg.obj
         Debug\ConSetDlg.obj
         Debug\stdafx.obj
         Debug\SerialPort.obj
         Debug\SerialPortBase.obj
         Debug\SerialPortInfo.obj
         Debug\SerialPortInfoBase.obj
         Debug\SerialPortInfoWinBase.obj
         Debug\SerialPortWinBase.obj
       Manifest:
         c:\Program Files (x86)\Microsoft SDKs\Windows\v7.0A\bin\mt.exe /nologo /verbose /out:"Debug\CommMFC.exe.embed.manifest" /manifest Debug\CommMFC.exe.intermediate.manifest "c:\Program Files (x86)\Microsoft Visual Studio 10.0\VC\Include\Manifest\dpiaware.manifest"
         所有输出均为最新。
       LinkEmbedManifest:
         所有输出均为最新。
         CommMFC.vcxproj -> C:\Users\Apple\Desktop\新建文件夹 (3)\新建文件夹 (2)\CSerialPort\examples\CommMFC\Debug\CommMFC.exe
       FinalizeBuildStatus:
         正在删除文件“Debug\CommMFC.unsuccessfulbuild”。
         正在对“Debug\CommMFC.lastbuildstate”执行 Touch 任务。
     1>已完成生成项目“C:\Users\Apple\Desktop\新建文件夹 (3)\新建文件夹 (2)\CSerialPort\examples\CommMFC\CommMFC.vcxproj”(build 个目标)的操作。

生成成功。

已用时间 00:00:00.84
