C:\Users\Apple\Desktop\新建文件夹 (3)\新建文件夹 (2)\CSerialPort\examples\CommMFC\Debug\cl.command.1.tlog
C:\Users\Apple\Desktop\新建文件夹 (3)\新建文件夹 (2)\CSerialPort\examples\CommMFC\Debug\CL.read.1.tlog
C:\Users\Apple\Desktop\新建文件夹 (3)\新建文件夹 (2)\CSerialPort\examples\CommMFC\Debug\CL.write.1.tlog
C:\USERS\APPLE\DESKTOP\新建文件夹 (3)\新建文件夹 (2)\CSERIALPORT\EXAMPLES\COMMMFC\DEBUG\COMMMFC.EXE
C:\USERS\APPLE\DESKTOP\新建文件夹 (3)\新建文件夹 (2)\CSERIALPORT\EXAMPLES\COMMMFC\DEBUG\COMMMFC.EXE.EMBED.MANIFEST
C:\USERS\APPLE\DESKTOP\新建文件夹 (3)\新建文件夹 (2)\CSERIALPORT\EXAMPLES\COMMMFC\DEBUG\COMMMFC.EXE.EMBED.MANIFEST.RES
C:\USERS\APPLE\DESKTOP\新建文件夹 (3)\新建文件夹 (2)\CSERIALPORT\EXAMPLES\COMMMFC\DEBUG\COMMMFC.EXE.INTERMEDIATE.MANIFEST
C:\USERS\APPLE\DESKTOP\新建文件夹 (3)\新建文件夹 (2)\CSERIALPORT\EXAMPLES\COMMMFC\DEBUG\COMMMFC.ILK
C:\USERS\APPLE\DESKTOP\新建文件夹 (3)\新建文件夹 (2)\CSERIALPORT\EXAMPLES\COMMMFC\DEBUG\COMMMFC.OBJ
C:\USERS\APPLE\DESKTOP\新建文件夹 (3)\新建文件夹 (2)\CSERIALPORT\EXAMPLES\COMMMFC\DEBUG\COMMMFC.PCH
C:\USERS\APPLE\DESKTOP\新建文件夹 (3)\新建文件夹 (2)\CSERIALPORT\EXAMPLES\COMMMFC\DEBUG\COMMMFC.PDB
C:\USERS\APPLE\DESKTOP\新建文件夹 (3)\新建文件夹 (2)\CSERIALPORT\EXAMPLES\COMMMFC\DEBUG\COMMMFC.RES
C:\Users\Apple\Desktop\新建文件夹 (3)\新建文件夹 (2)\CSerialPort\examples\CommMFC\Debug\CommMFC.write.1.tlog
C:\Users\Apple\Desktop\新建文件夹 (3)\新建文件夹 (2)\CSerialPort\examples\CommMFC\Debug\CommMFC_manifest.rc
C:\USERS\APPLE\DESKTOP\新建文件夹 (3)\新建文件夹 (2)\CSERIALPORT\EXAMPLES\COMMMFC\DEBUG\COMMMFCDLG.OBJ
C:\USERS\APPLE\DESKTOP\新建文件夹 (3)\新建文件夹 (2)\CSERIALPORT\EXAMPLES\COMMMFC\DEBUG\CONSETDLG.OBJ
C:\Users\Apple\Desktop\新建文件夹 (3)\新建文件夹 (2)\CSerialPort\examples\CommMFC\Debug\link.command.1.tlog
C:\Users\Apple\Desktop\新建文件夹 (3)\新建文件夹 (2)\CSerialPort\examples\CommMFC\Debug\link.read.1.tlog
C:\Users\Apple\Desktop\新建文件夹 (3)\新建文件夹 (2)\CSerialPort\examples\CommMFC\Debug\link.write.1.tlog
C:\Users\Apple\Desktop\新建文件夹 (3)\新建文件夹 (2)\CSerialPort\examples\CommMFC\Debug\link-cvtres.read.1.tlog
C:\Users\Apple\Desktop\新建文件夹 (3)\新建文件夹 (2)\CSerialPort\examples\CommMFC\Debug\link-cvtres.write.1.tlog
C:\Users\Apple\Desktop\新建文件夹 (3)\新建文件夹 (2)\CSerialPort\examples\CommMFC\Debug\mt.command.1.tlog
C:\Users\Apple\Desktop\新建文件夹 (3)\新建文件夹 (2)\CSerialPort\examples\CommMFC\Debug\mt.read.1.tlog
C:\Users\Apple\Desktop\新建文件夹 (3)\新建文件夹 (2)\CSerialPort\examples\CommMFC\Debug\mt.write.1.tlog
C:\Users\Apple\Desktop\新建文件夹 (3)\新建文件夹 (2)\CSerialPort\examples\CommMFC\Debug\rc.command.1.tlog
C:\Users\Apple\Desktop\新建文件夹 (3)\新建文件夹 (2)\CSerialPort\examples\CommMFC\Debug\rc.read.1.tlog
C:\Users\Apple\Desktop\新建文件夹 (3)\新建文件夹 (2)\CSerialPort\examples\CommMFC\Debug\rc.write.1.tlog
C:\USERS\APPLE\DESKTOP\新建文件夹 (3)\新建文件夹 (2)\CSERIALPORT\EXAMPLES\COMMMFC\DEBUG\SERIALPORT.OBJ
C:\USERS\APPLE\DESKTOP\新建文件夹 (3)\新建文件夹 (2)\CSERIALPORT\EXAMPLES\COMMMFC\DEBUG\SERIALPORTBASE.OBJ
C:\USERS\APPLE\DESKTOP\新建文件夹 (3)\新建文件夹 (2)\CSERIALPORT\EXAMPLES\COMMMFC\DEBUG\SERIALPORTINFO.OBJ
C:\USERS\APPLE\DESKTOP\新建文件夹 (3)\新建文件夹 (2)\CSERIALPORT\EXAMPLES\COMMMFC\DEBUG\SERIALPORTINFOBASE.OBJ
C:\USERS\APPLE\DESKTOP\新建文件夹 (3)\新建文件夹 (2)\CSERIALPORT\EXAMPLES\COMMMFC\DEBUG\SERIALPORTINFOWINBASE.OBJ
C:\USERS\APPLE\DESKTOP\新建文件夹 (3)\新建文件夹 (2)\CSERIALPORT\EXAMPLES\COMMMFC\DEBUG\SERIALPORTWINBASE.OBJ
C:\USERS\APPLE\DESKTOP\新建文件夹 (3)\新建文件夹 (2)\CSERIALPORT\EXAMPLES\COMMMFC\DEBUG\STDAFX.OBJ
C:\Users\Apple\Desktop\新建文件夹 (3)\新建文件夹 (2)\CSerialPort\examples\CommMFC\Debug\vc100.idb
C:\USERS\APPLE\DESKTOP\新建文件夹 (3)\新建文件夹 (2)\CSERIALPORT\EXAMPLES\COMMMFC\DEBUG\VC100.PDB
